{"/mnt/Faculdade/Aula/7/PI/trabalho/controllers/calculadora.js":{"path":"/mnt/Faculdade/Aula/7/PI/trabalho/controllers/calculadora.js","s":{"1":1,"2":1,"3":0,"4":0,"5":0,"6":0,"7":0,"8":0,"9":0,"10":0,"11":0,"12":0,"13":0,"14":0,"15":0,"16":0,"17":0,"18":0,"19":0,"20":0,"21":0,"22":0,"23":0,"24":0,"25":0,"26":0,"27":0,"28":0,"29":0,"30":0,"31":0,"32":1},"b":{"1":[0,0],"2":[0,0]},"f":{"1":1,"2":0,"3":0,"4":0,"5":0,"6":0,"7":0,"8":0,"9":0,"10":0,"11":0,"12":0,"13":0,"14":0,"15":0},"fnMap":{"1":{"name":"(anonymous_1)","line":1,"loc":{"start":{"line":1,"column":17},"end":{"line":1,"column":28}}},"2":{"name":"(anonymous_2)","line":4,"loc":{"start":{"line":4,"column":21},"end":{"line":4,"column":41}}},"3":{"name":"(anonymous_3)","line":17,"loc":{"start":{"line":17,"column":14},"end":{"line":17,"column":35}}},"4":{"name":"(anonymous_4)","line":26,"loc":{"start":{"line":26,"column":11},"end":{"line":26,"column":38}}},"5":{"name":"(anonymous_5)","line":30,"loc":{"start":{"line":30,"column":14},"end":{"line":30,"column":41}}},"6":{"name":"(anonymous_6)","line":34,"loc":{"start":{"line":34,"column":17},"end":{"line":34,"column":44}}},"7":{"name":"(anonymous_7)","line":38,"loc":{"start":{"line":38,"column":13},"end":{"line":38,"column":40}}},"8":{"name":"(anonymous_8)","line":43,"loc":{"start":{"line":43,"column":20},"end":{"line":43,"column":40}}},"9":{"name":"(anonymous_9)","line":51,"loc":{"start":{"line":51,"column":22},"end":{"line":51,"column":37}}},"10":{"name":"(anonymous_10)","line":66,"loc":{"start":{"line":66,"column":10},"end":{"line":66,"column":38}}},"11":{"name":"(anonymous_11)","line":70,"loc":{"start":{"line":70,"column":10},"end":{"line":70,"column":38}}},"12":{"name":"(anonymous_12)","line":74,"loc":{"start":{"line":74,"column":13},"end":{"line":74,"column":41}}},"13":{"name":"(anonymous_13)","line":78,"loc":{"start":{"line":78,"column":16},"end":{"line":78,"column":44}}},"14":{"name":"(anonymous_14)","line":82,"loc":{"start":{"line":82,"column":12},"end":{"line":82,"column":40}}},"15":{"name":"(anonymous_15)","line":88,"loc":{"start":{"line":88,"column":13},"end":{"line":88,"column":41}}}},"statementMap":{"1":{"start":{"line":1,"column":0},"end":{"line":99,"column":2}},"2":{"start":{"line":2,"column":1},"end":{"line":96,"column":3}},"3":{"start":{"line":5,"column":4},"end":{"line":5,"column":43}},"4":{"start":{"line":6,"column":4},"end":{"line":8,"column":6}},"5":{"start":{"line":10,"column":4},"end":{"line":10,"column":64}},"6":{"start":{"line":11,"column":4},"end":{"line":11,"column":35}},"7":{"start":{"line":13,"column":4},"end":{"line":13,"column":20}},"8":{"start":{"line":18,"column":5},"end":{"line":18,"column":50}},"9":{"start":{"line":19,"column":5},"end":{"line":19,"column":50}},"10":{"start":{"line":21,"column":5},"end":{"line":21,"column":86}},"11":{"start":{"line":23,"column":5},"end":{"line":23,"column":22}},"12":{"start":{"line":27,"column":5},"end":{"line":27,"column":30}},"13":{"start":{"line":31,"column":5},"end":{"line":31,"column":30}},"14":{"start":{"line":35,"column":5},"end":{"line":35,"column":30}},"15":{"start":{"line":39,"column":5},"end":{"line":39,"column":30}},"16":{"start":{"line":44,"column":4},"end":{"line":46,"column":5}},"17":{"start":{"line":45,"column":5},"end":{"line":45,"column":34}},"18":{"start":{"line":48,"column":4},"end":{"line":48,"column":15}},"19":{"start":{"line":52,"column":4},"end":{"line":56,"column":6}},"20":{"start":{"line":58,"column":4},"end":{"line":58,"column":72}},"21":{"start":{"line":59,"column":4},"end":{"line":59,"column":72}},"22":{"start":{"line":61,"column":4},"end":{"line":61,"column":22}},"23":{"start":{"line":67,"column":4},"end":{"line":67,"column":29}},"24":{"start":{"line":71,"column":4},"end":{"line":71,"column":29}},"25":{"start":{"line":75,"column":4},"end":{"line":75,"column":32}},"26":{"start":{"line":79,"column":4},"end":{"line":79,"column":35}},"27":{"start":{"line":83,"column":4},"end":{"line":83,"column":31}},"28":{"start":{"line":89,"column":4},"end":{"line":89,"column":70}},"29":{"start":{"line":90,"column":4},"end":{"line":90,"column":68}},"30":{"start":{"line":91,"column":4},"end":{"line":91,"column":66}},"31":{"start":{"line":93,"column":4},"end":{"line":93,"column":51}},"32":{"start":{"line":98,"column":1},"end":{"line":98,"column":19}}},"branchMap":{"1":{"line":44,"type":"if","locations":[{"start":{"line":44,"column":4},"end":{"line":44,"column":4}},{"start":{"line":44,"column":4},"end":{"line":44,"column":4}}]},"2":{"line":44,"type":"binary-expr","locations":[{"start":{"line":44,"column":7},"end":{"line":44,"column":16}},{"start":{"line":44,"column":20},"end":{"line":44,"column":36}}]}}}}